<?xml version="1.0" encoding="UTF-8"?>
<testsuite xmlns:xsi="http://www.w3.org/2001/XMLSchema-instance" xsi:noNamespaceSchemaLocation="https://maven.apache.org/surefire/maven-surefire-plugin/xsd/surefire-test-report.xsd" version="3.0.2" name="com.calculator.CalculatorApplicationTests" time="1.676" tests="8" errors="0" skipped="0" failures="0">
  <properties>
[...]
</properties>
  <testcase name="testAddSingleNumber" classname="com.calculator.CalculatorApplicationTests" time="0.725">
    <system-out><![CDATA[18:56:06.387 [main] INFO org.springframework.test.context.support.AnnotationConfigContextLoaderUtils -- Could not detect default configuration classes for test class [com.calculator.CalculatorApplicationTests]: CalculatorApplicationTests does not declare any static, non-private, non-final, nested classes annotated with @Configuration.
18:56:06.472 [main] INFO org.springframework.boot.test.context.SpringBootTestContextBootstrapper -- Found @SpringBootConfiguration com.calculator.CalculatorApplication for test class com.calculator.CalculatorApplicationTests

  .   ____          _            __ _ _
 /\\ / ___'_ __ _ _(_)_ __  __ _ \ \ \ \
( ( )\___ | '_ | '_| | '_ \/ _` | \ \ \ \
 \\/  ___)| |_)| | | | | || (_| |  ) ) ) )
  '  |____| .__|_| |_|_| |_\__, | / / / /
 =========|_|==============|___/=/_/_/_/

 :: Spring Boot ::                (v3.4.0)

2024-12-17T18:56:06.804+05:30  INFO 42424 --- [calculator] [           main] c.calculator.CalculatorApplicationTests  : Starting CalculatorApplicationTests using Java 17.0.5 with PID 42424 (started by neml10441 in D:\Auction-Platform-v2\calculator)
2024-12-17T18:56:06.805+05:30  INFO 42424 --- [calculator] [           main] c.calculator.CalculatorApplicationTests  : No active profile set, falling back to 1 default profile: "default"
2024-12-17T18:56:07.174+05:30  INFO 42424 --- [calculator] [           main] c.calculator.CalculatorApplicationTests  : Started CalculatorApplicationTests in 0.592 seconds (process running for 1.345)
Result of adding single number '1': 1
]]></system-out>
  </testcase>
  <testcase name="testAddTwoNumbers" classname="com.calculator.CalculatorApplicationTests" time="0.003">
    <system-out><![CDATA[Result of adding two numbers '1,5': 6
]]></system-out>
  </testcase>
  <testcase name="testAddNegativeNumbersThrowsException" classname="com.calculator.CalculatorApplicationTests" time="0.005">
    <system-out><![CDATA[Exception message for negative numbers: Negative numbers not allowed: [-2, -4]
]]></system-out>
  </testcase>
  <testcase name="testAddEmptyString" classname="com.calculator.CalculatorApplicationTests" time="0.003">
    <system-out><![CDATA[Result of adding empty string: 0
]]></system-out>
  </testcase>
  <testcase name="contextLoads" classname="com.calculator.CalculatorApplicationTests" time="0.003"/>
  <testcase name="testAddWithNewLineDelimiter" classname="com.calculator.CalculatorApplicationTests" time="0.002">
    <system-out><![CDATA[Result of adding with new line delimiter '1\n2,3': 6
]]></system-out>
  </testcase>
  <testcase name="testAddWithCustomDelimiter" classname="com.calculator.CalculatorApplicationTests" time="0.003">
    <system-out><![CDATA[Result of adding with custom delimiter '//;\n1;2': 3
]]></system-out>
  </testcase>
  <testcase name="testAddMultipleNumbers" classname="com.calculator.CalculatorApplicationTests" time="0.003">
    <system-out><![CDATA[Result of adding multiple numbers '1,2,3,4': 10
]]></system-out>
  </testcase>
</testsuite>